<?xml version="1.0" encoding="UTF-8" ?>
<testsuite tests="12" failures="0" name="runners.TestRunner" time="0.017" errors="0" skipped="0">
  <properties>
[...]
</properties>
  <testcase classname="Scenario: Successful Generic Feedback Submission" name="Given User is on Usabilla Feedback Choice Page" time="0.013"/>
  <testcase classname="Scenario: Successful Generic Feedback Submission" name="When User Navigates to Generic Feedback Page" time="0"/>
  <testcase classname="Scenario: Successful Generic Feedback Submission" name="And User enters All the Compliment Details Successfully on Generic Feedback Page" time="0"/>
  <testcase classname="Scenario: Successful Generic Feedback Submission" name="And User clicks on the Compliment Submit Button" time="0"/>
  <testcase classname="Scenario: Successful Generic Feedback Submission" name="Then Compliment Submission Message displayed Thanks for leaving feedback" time="0"/>
  <testcase classname="Scenario: Successful Generic Feedback Submission" name="Scenario: Successful Generic Feedback Submission" time="0.003"/>
  <testcase classname="Scenario: Successful Specific Feedback Submission" name="Given User is on Usabilla Feedback Choice Page" time="0"/>
  <testcase classname="Scenario: Successful Specific Feedback Submission" name="When User Navigates to Specific Feedback Page" time="0"/>
  <testcase classname="Scenario: Successful Specific Feedback Submission" name="And User enters All the Bug Details Successfully on Specific Feedback Page" time="0"/>
  <testcase classname="Scenario: Successful Specific Feedback Submission" name="And User clicks on the Bug Submit Button" time="0"/>
  <testcase classname="Scenario: Successful Specific Feedback Submission" name="Then Bug Submission Message displayed Thanks for leaving feedback" time="0"/>
  <testcase classname="Scenario: Successful Specific Feedback Submission" name="Scenario: Successful Specific Feedback Submission" time="0.001"/>
</testsuite>